{"C:\\Users\\mass__000\\OneDrive\\Studies\\Lynda\\Learning Path\\Become a Full-Stack Web Developer\\10. NodeJS Essential training\\sandbox\\node.js\\test_and_debug\\lib\\order.js":{"path":"C:\\Users\\mass__000\\OneDrive\\Studies\\Lynda\\Learning Path\\Become a Full-Stack Web Developer\\10. NodeJS Essential training\\sandbox\\node.js\\test_and_debug\\lib\\order.js","s":{"1":1,"2":1,"3":1,"4":1,"5":3,"6":1,"7":0,"8":0,"9":1,"10":1,"11":1,"12":1,"13":1,"14":1,"15":1,"16":1,"17":1,"18":1,"19":1,"20":1,"21":0,"22":0,"23":1},"b":{"1":[0,1],"2":[1,1],"3":[1,0],"4":[1,0]},"f":{"1":1,"2":1,"3":1,"4":0,"5":1},"fnMap":{"1":{"name":"findItem","line":4,"loc":{"start":{"line":4,"column":0},"end":{"line":4,"column":23}}},"2":{"name":"isInStock","line":14,"loc":{"start":{"line":14,"column":0},"end":{"line":14,"column":29}}},"3":{"name":"order","line":19,"loc":{"start":{"line":19,"column":0},"end":{"line":19,"column":40}}},"4":{"name":"(anonymous_4)","line":20,"loc":{"start":{"line":20,"column":27},"end":{"line":20,"column":39}}},"5":{"name":"(anonymous_5)","line":23,"loc":{"start":{"line":23,"column":48},"end":{"line":23,"column":68}}}},"statementMap":{"1":{"start":{"line":1,"column":0},"end":{"line":1,"column":49}},"2":{"start":{"line":2,"column":0},"end":{"line":2,"column":39}},"3":{"start":{"line":4,"column":0},"end":{"line":12,"column":1}},"4":{"start":{"line":5,"column":4},"end":{"line":5,"column":61}},"5":{"start":{"line":5,"column":38},"end":{"line":5,"column":46}},"6":{"start":{"line":6,"column":4},"end":{"line":11,"column":5}},"7":{"start":{"line":7,"column":8},"end":{"line":7,"column":47}},"8":{"start":{"line":8,"column":8},"end":{"line":8,"column":20}},"9":{"start":{"line":10,"column":8},"end":{"line":10,"column":32}},"10":{"start":{"line":14,"column":0},"end":{"line":17,"column":1}},"11":{"start":{"line":15,"column":4},"end":{"line":15,"column":29}},"12":{"start":{"line":16,"column":4},"end":{"line":16,"column":35}},"13":{"start":{"line":19,"column":0},"end":{"line":32,"column":1}},"14":{"start":{"line":20,"column":4},"end":{"line":20,"column":42}},"15":{"start":{"line":21,"column":4},"end":{"line":31,"column":5}},"16":{"start":{"line":22,"column":8},"end":{"line":22,"column":61}},"17":{"start":{"line":23,"column":8},"end":{"line":26,"column":11}},"18":{"start":{"line":24,"column":12},"end":{"line":24,"column":65}},"19":{"start":{"line":25,"column":12},"end":{"line":25,"column":31}},"20":{"start":{"line":27,"column":8},"end":{"line":27,"column":20}},"21":{"start":{"line":29,"column":8},"end":{"line":29,"column":75}},"22":{"start":{"line":30,"column":8},"end":{"line":30,"column":21}},"23":{"start":{"line":34,"column":0},"end":{"line":34,"column":33}}},"branchMap":{"1":{"line":6,"type":"if","locations":[{"start":{"line":6,"column":4},"end":{"line":6,"column":4}},{"start":{"line":6,"column":4},"end":{"line":6,"column":4}}]},"2":{"line":16,"type":"binary-expr","locations":[{"start":{"line":16,"column":11},"end":{"line":16,"column":15}},{"start":{"line":16,"column":19},"end":{"line":16,"column":34}}]},"3":{"line":20,"type":"binary-expr","locations":[{"start":{"line":20,"column":15},"end":{"line":20,"column":23}},{"start":{"line":20,"column":27},"end":{"line":20,"column":41}}]},"4":{"line":21,"type":"if","locations":[{"start":{"line":21,"column":4},"end":{"line":21,"column":4}},{"start":{"line":21,"column":4},"end":{"line":21,"column":4}}]}}},"C:\\Users\\mass__000\\OneDrive\\Studies\\Lynda\\Learning Path\\Become a Full-Stack Web Developer\\10. NodeJS Essential training\\sandbox\\node.js\\test_and_debug\\lib\\warehouse.js":{"path":"C:\\Users\\mass__000\\OneDrive\\Studies\\Lynda\\Learning Path\\Become a Full-Stack Web Developer\\10. NodeJS Essential training\\sandbox\\node.js\\test_and_debug\\lib\\warehouse.js","s":{"1":1,"2":2,"3":2},"b":{},"f":{"1":2},"fnMap":{"1":{"name":"(anonymous_1)","line":3,"loc":{"start":{"line":3,"column":18},"end":{"line":3,"column":35}}}},"statementMap":{"1":{"start":{"line":1,"column":0},"end":{"line":28,"column":2}},"2":{"start":{"line":5,"column":8},"end":{"line":5,"column":39}},"3":{"start":{"line":24,"column":8},"end":{"line":24,"column":58}}},"branchMap":{}},"C:\\Users\\mass__000\\OneDrive\\Studies\\Lynda\\Learning Path\\Become a Full-Stack Web Developer\\10. NodeJS Essential training\\sandbox\\node.js\\test_and_debug\\lib\\order1.js":{"path":"C:\\Users\\mass__000\\OneDrive\\Studies\\Lynda\\Learning Path\\Become a Full-Stack Web Developer\\10. NodeJS Essential training\\sandbox\\node.js\\test_and_debug\\lib\\order1.js","s":{"1":1,"2":1,"3":1,"4":1,"5":3,"6":1,"7":0,"8":0,"9":1,"10":1,"11":1,"12":1,"13":1,"14":1,"15":1,"16":1,"17":1,"18":1,"19":1,"20":1,"21":0,"22":0,"23":1},"b":{"1":[0,1],"2":[1,1],"3":[1,0],"4":[1,0]},"f":{"1":1,"2":1,"3":1,"4":0,"5":1},"fnMap":{"1":{"name":"findItem","line":4,"loc":{"start":{"line":4,"column":0},"end":{"line":4,"column":23}}},"2":{"name":"isInStock","line":14,"loc":{"start":{"line":14,"column":0},"end":{"line":14,"column":29}}},"3":{"name":"order","line":19,"loc":{"start":{"line":19,"column":0},"end":{"line":19,"column":40}}},"4":{"name":"(anonymous_4)","line":20,"loc":{"start":{"line":20,"column":27},"end":{"line":20,"column":39}}},"5":{"name":"(anonymous_5)","line":23,"loc":{"start":{"line":23,"column":48},"end":{"line":23,"column":68}}}},"statementMap":{"1":{"start":{"line":1,"column":0},"end":{"line":1,"column":49}},"2":{"start":{"line":2,"column":0},"end":{"line":2,"column":39}},"3":{"start":{"line":4,"column":0},"end":{"line":12,"column":1}},"4":{"start":{"line":5,"column":4},"end":{"line":5,"column":61}},"5":{"start":{"line":5,"column":38},"end":{"line":5,"column":46}},"6":{"start":{"line":6,"column":4},"end":{"line":11,"column":5}},"7":{"start":{"line":7,"column":8},"end":{"line":7,"column":47}},"8":{"start":{"line":8,"column":8},"end":{"line":8,"column":20}},"9":{"start":{"line":10,"column":8},"end":{"line":10,"column":32}},"10":{"start":{"line":14,"column":0},"end":{"line":17,"column":1}},"11":{"start":{"line":15,"column":4},"end":{"line":15,"column":29}},"12":{"start":{"line":16,"column":4},"end":{"line":16,"column":35}},"13":{"start":{"line":19,"column":0},"end":{"line":32,"column":1}},"14":{"start":{"line":20,"column":4},"end":{"line":20,"column":42}},"15":{"start":{"line":21,"column":4},"end":{"line":31,"column":5}},"16":{"start":{"line":22,"column":8},"end":{"line":22,"column":61}},"17":{"start":{"line":23,"column":8},"end":{"line":26,"column":11}},"18":{"start":{"line":24,"column":12},"end":{"line":24,"column":65}},"19":{"start":{"line":25,"column":12},"end":{"line":25,"column":31}},"20":{"start":{"line":27,"column":8},"end":{"line":27,"column":20}},"21":{"start":{"line":29,"column":8},"end":{"line":29,"column":75}},"22":{"start":{"line":30,"column":8},"end":{"line":30,"column":21}},"23":{"start":{"line":34,"column":0},"end":{"line":34,"column":33}}},"branchMap":{"1":{"line":6,"type":"if","locations":[{"start":{"line":6,"column":4},"end":{"line":6,"column":4}},{"start":{"line":6,"column":4},"end":{"line":6,"column":4}}]},"2":{"line":16,"type":"binary-expr","locations":[{"start":{"line":16,"column":11},"end":{"line":16,"column":15}},{"start":{"line":16,"column":19},"end":{"line":16,"column":34}}]},"3":{"line":20,"type":"binary-expr","locations":[{"start":{"line":20,"column":15},"end":{"line":20,"column":23}},{"start":{"line":20,"column":27},"end":{"line":20,"column":41}}]},"4":{"line":21,"type":"if","locations":[{"start":{"line":21,"column":4},"end":{"line":21,"column":4}},{"start":{"line":21,"column":4},"end":{"line":21,"column":4}}]}}},"C:\\Users\\mass__000\\OneDrive\\Studies\\Lynda\\Learning Path\\Become a Full-Stack Web Developer\\10. NodeJS Essential training\\sandbox\\node.js\\test_and_debug\\lib\\order2.js":{"path":"C:\\Users\\mass__000\\OneDrive\\Studies\\Lynda\\Learning Path\\Become a Full-Stack Web Developer\\10. NodeJS Essential training\\sandbox\\node.js\\test_and_debug\\lib\\order2.js","s":{"1":2,"2":2,"3":1,"4":7,"5":21,"6":7,"7":1,"8":1,"9":6,"10":1,"11":7,"12":7,"13":1,"14":7,"15":7,"16":6,"17":6,"18":6,"19":6,"20":6,"21":1,"22":1,"23":2},"b":{"1":[1,6],"2":[7,6],"3":[7,1],"4":[6,1]},"f":{"1":7,"2":7,"3":7,"4":0,"5":6},"fnMap":{"1":{"name":"findItem","line":4,"loc":{"start":{"line":4,"column":0},"end":{"line":4,"column":23}}},"2":{"name":"isInStock","line":13,"loc":{"start":{"line":13,"column":0},"end":{"line":13,"column":29}}},"3":{"name":"order","line":19,"loc":{"start":{"line":19,"column":0},"end":{"line":19,"column":40}}},"4":{"name":"(anonymous_4)","line":20,"loc":{"start":{"line":20,"column":27},"end":{"line":20,"column":39}}},"5":{"name":"(anonymous_5)","line":23,"loc":{"start":{"line":23,"column":48},"end":{"line":23,"column":68}}}},"statementMap":{"1":{"start":{"line":1,"column":0},"end":{"line":1,"column":49}},"2":{"start":{"line":2,"column":0},"end":{"line":2,"column":39}},"3":{"start":{"line":4,"column":0},"end":{"line":12,"column":1}},"4":{"start":{"line":5,"column":4},"end":{"line":5,"column":61}},"5":{"start":{"line":5,"column":38},"end":{"line":5,"column":46}},"6":{"start":{"line":6,"column":4},"end":{"line":11,"column":5}},"7":{"start":{"line":7,"column":8},"end":{"line":7,"column":47}},"8":{"start":{"line":8,"column":8},"end":{"line":8,"column":20}},"9":{"start":{"line":10,"column":8},"end":{"line":10,"column":32}},"10":{"start":{"line":13,"column":0},"end":{"line":16,"column":1}},"11":{"start":{"line":14,"column":4},"end":{"line":14,"column":29}},"12":{"start":{"line":15,"column":4},"end":{"line":15,"column":35}},"13":{"start":{"line":19,"column":0},"end":{"line":32,"column":1}},"14":{"start":{"line":20,"column":4},"end":{"line":20,"column":42}},"15":{"start":{"line":21,"column":4},"end":{"line":31,"column":5}},"16":{"start":{"line":22,"column":8},"end":{"line":22,"column":61}},"17":{"start":{"line":23,"column":8},"end":{"line":26,"column":11}},"18":{"start":{"line":24,"column":12},"end":{"line":24,"column":65}},"19":{"start":{"line":25,"column":12},"end":{"line":25,"column":31}},"20":{"start":{"line":27,"column":8},"end":{"line":27,"column":20}},"21":{"start":{"line":29,"column":8},"end":{"line":29,"column":75}},"22":{"start":{"line":30,"column":8},"end":{"line":30,"column":21}},"23":{"start":{"line":34,"column":0},"end":{"line":34,"column":33}}},"branchMap":{"1":{"line":6,"type":"if","locations":[{"start":{"line":6,"column":4},"end":{"line":6,"column":4}},{"start":{"line":6,"column":4},"end":{"line":6,"column":4}}]},"2":{"line":15,"type":"binary-expr","locations":[{"start":{"line":15,"column":11},"end":{"line":15,"column":15}},{"start":{"line":15,"column":19},"end":{"line":15,"column":34}}]},"3":{"line":20,"type":"binary-expr","locations":[{"start":{"line":20,"column":15},"end":{"line":20,"column":23}},{"start":{"line":20,"column":27},"end":{"line":20,"column":41}}]},"4":{"line":21,"type":"if","locations":[{"start":{"line":21,"column":4},"end":{"line":21,"column":4}},{"start":{"line":21,"column":4},"end":{"line":21,"column":4}}]}}},"C:\\Users\\mass__000\\OneDrive\\Studies\\Lynda\\Learning Path\\Become a Full-Stack Web Developer\\10. NodeJS Essential training\\sandbox\\node.js\\test_and_debug\\lib\\tools.js":{"path":"C:\\Users\\mass__000\\OneDrive\\Studies\\Lynda\\Learning Path\\Become a Full-Stack Web Developer\\10. NodeJS Essential training\\sandbox\\node.js\\test_and_debug\\lib\\tools.js","s":{"1":1,"2":1},"b":{},"f":{"1":1},"fnMap":{"1":{"name":"(anonymous_1)","line":3,"loc":{"start":{"line":3,"column":11},"end":{"line":3,"column":19}}}},"statementMap":{"1":{"start":{"line":2,"column":0},"end":{"line":6,"column":2}},"2":{"start":{"line":4,"column":5},"end":{"line":4,"column":46}}},"branchMap":{}},"C:\\Users\\mass__000\\OneDrive\\Studies\\Lynda\\Learning Path\\Become a Full-Stack Web Developer\\10. NodeJS Essential training\\sandbox\\node.js\\test_and_debug\\lib\\tools1.js":{"path":"C:\\Users\\mass__000\\OneDrive\\Studies\\Lynda\\Learning Path\\Become a Full-Stack Web Developer\\10. NodeJS Essential training\\sandbox\\node.js\\test_and_debug\\lib\\tools1.js","s":{"1":1,"2":1,"3":1,"4":1,"5":1,"6":1,"7":1,"8":1,"9":104,"10":1,"11":1},"b":{},"f":{"1":1,"2":1,"3":1,"4":104,"5":1},"fnMap":{"1":{"name":"(anonymous_1)","line":5,"loc":{"start":{"line":5,"column":10},"end":{"line":5,"column":19}}},"2":{"name":"(anonymous_2)","line":9,"loc":{"start":{"line":9,"column":9},"end":{"line":9,"column":28}}},"3":{"name":"(anonymous_3)","line":13,"loc":{"start":{"line":13,"column":17},"end":{"line":13,"column":31}}},"4":{"name":"(anonymous_4)","line":19,"loc":{"start":{"line":19,"column":18},"end":{"line":19,"column":34}}},"5":{"name":"(anonymous_5)","line":23,"loc":{"start":{"line":23,"column":17},"end":{"line":23,"column":28}}}},"statementMap":{"1":{"start":{"line":1,"column":0},"end":{"line":1,"column":29}},"2":{"start":{"line":3,"column":0},"end":{"line":30,"column":2}},"3":{"start":{"line":6,"column":2},"end":{"line":6,"column":43}},"4":{"start":{"line":11,"column":2},"end":{"line":11,"column":75}},"5":{"start":{"line":13,"column":2},"end":{"line":26,"column":5}},"6":{"start":{"line":15,"column":3},"end":{"line":15,"column":17}},"7":{"start":{"line":17,"column":3},"end":{"line":17,"column":28}},"8":{"start":{"line":19,"column":3},"end":{"line":21,"column":6}},"9":{"start":{"line":20,"column":4},"end":{"line":20,"column":18}},"10":{"start":{"line":23,"column":3},"end":{"line":25,"column":6}},"11":{"start":{"line":24,"column":4},"end":{"line":24,"column":19}}},"branchMap":{}},"C:\\Users\\mass__000\\OneDrive\\Studies\\Lynda\\Learning Path\\Become a Full-Stack Web Developer\\10. NodeJS Essential training\\sandbox\\node.js\\test_and_debug\\lib\\tools2.js":{"path":"C:\\Users\\mass__000\\OneDrive\\Studies\\Lynda\\Learning Path\\Become a Full-Stack Web Developer\\10. NodeJS Essential training\\sandbox\\node.js\\test_and_debug\\lib\\tools2.js","s":{"1":1,"2":1,"3":1,"4":1,"5":1,"6":1,"7":1,"8":1,"9":1,"10":1,"11":1},"b":{},"f":{"1":1,"2":1,"3":1,"4":1,"5":1},"fnMap":{"1":{"name":"(anonymous_1)","line":5,"loc":{"start":{"line":5,"column":10},"end":{"line":5,"column":19}}},"2":{"name":"(anonymous_2)","line":9,"loc":{"start":{"line":9,"column":9},"end":{"line":9,"column":28}}},"3":{"name":"(anonymous_3)","line":13,"loc":{"start":{"line":13,"column":17},"end":{"line":13,"column":31}}},"4":{"name":"(anonymous_4)","line":19,"loc":{"start":{"line":19,"column":18},"end":{"line":19,"column":34}}},"5":{"name":"(anonymous_5)","line":23,"loc":{"start":{"line":23,"column":17},"end":{"line":23,"column":28}}}},"statementMap":{"1":{"start":{"line":1,"column":0},"end":{"line":1,"column":29}},"2":{"start":{"line":3,"column":0},"end":{"line":30,"column":2}},"3":{"start":{"line":6,"column":2},"end":{"line":6,"column":43}},"4":{"start":{"line":11,"column":2},"end":{"line":11,"column":75}},"5":{"start":{"line":13,"column":2},"end":{"line":26,"column":5}},"6":{"start":{"line":15,"column":3},"end":{"line":15,"column":17}},"7":{"start":{"line":17,"column":3},"end":{"line":17,"column":28}},"8":{"start":{"line":19,"column":3},"end":{"line":21,"column":6}},"9":{"start":{"line":20,"column":4},"end":{"line":20,"column":18}},"10":{"start":{"line":23,"column":3},"end":{"line":25,"column":6}},"11":{"start":{"line":24,"column":4},"end":{"line":24,"column":19}}},"branchMap":{}}}