TN:
SF:C:\Users\mass__000\OneDrive\Studies\Lynda\Learning Path\Become a Full-Stack Web Developer\10. NodeJS Essential training\sandbox\node.js\test_and_debug\lib\order.js
FN:4,findItem
FN:14,isInStock
FN:19,order
FN:20,(anonymous_4)
FN:23,(anonymous_5)
FNF:5
FNH:4
FNDA:1,findItem
FNDA:1,isInStock
FNDA:1,order
FNDA:0,(anonymous_4)
FNDA:1,(anonymous_5)
DA:1,1
DA:2,1
DA:4,1
DA:5,3
DA:6,1
DA:7,0
DA:8,0
DA:10,1
DA:14,1
DA:15,1
DA:16,1
DA:19,1
DA:20,1
DA:21,1
DA:22,1
DA:23,1
DA:24,1
DA:25,1
DA:27,1
DA:29,0
DA:30,0
DA:34,1
LF:22
LH:18
BRDA:6,1,0,0
BRDA:6,1,1,1
BRDA:16,2,0,1
BRDA:16,2,1,1
BRDA:20,3,0,1
BRDA:20,3,1,0
BRDA:21,4,0,1
BRDA:21,4,1,0
BRF:8
BRH:5
end_of_record
TN:
SF:C:\Users\mass__000\OneDrive\Studies\Lynda\Learning Path\Become a Full-Stack Web Developer\10. NodeJS Essential training\sandbox\node.js\test_and_debug\lib\warehouse.js
FN:3,(anonymous_1)
FNF:1
FNH:1
FNDA:2,(anonymous_1)
DA:1,1
DA:5,2
DA:24,2
LF:3
LH:3
BRF:0
BRH:0
end_of_record
TN:
SF:C:\Users\mass__000\OneDrive\Studies\Lynda\Learning Path\Become a Full-Stack Web Developer\10. NodeJS Essential training\sandbox\node.js\test_and_debug\lib\order1.js
FN:4,findItem
FN:14,isInStock
FN:19,order
FN:20,(anonymous_4)
FN:23,(anonymous_5)
FNF:5
FNH:4
FNDA:1,findItem
FNDA:1,isInStock
FNDA:1,order
FNDA:0,(anonymous_4)
FNDA:1,(anonymous_5)
DA:1,1
DA:2,1
DA:4,1
DA:5,3
DA:6,1
DA:7,0
DA:8,0
DA:10,1
DA:14,1
DA:15,1
DA:16,1
DA:19,1
DA:20,1
DA:21,1
DA:22,1
DA:23,1
DA:24,1
DA:25,1
DA:27,1
DA:29,0
DA:30,0
DA:34,1
LF:22
LH:18
BRDA:6,1,0,0
BRDA:6,1,1,1
BRDA:16,2,0,1
BRDA:16,2,1,1
BRDA:20,3,0,1
BRDA:20,3,1,0
BRDA:21,4,0,1
BRDA:21,4,1,0
BRF:8
BRH:5
end_of_record
TN:
SF:C:\Users\mass__000\OneDrive\Studies\Lynda\Learning Path\Become a Full-Stack Web Developer\10. NodeJS Essential training\sandbox\node.js\test_and_debug\lib\order2.js
FN:4,findItem
FN:13,isInStock
FN:19,order
FN:20,(anonymous_4)
FN:23,(anonymous_5)
FNF:5
FNH:4
FNDA:7,findItem
FNDA:7,isInStock
FNDA:7,order
FNDA:0,(anonymous_4)
FNDA:6,(anonymous_5)
DA:1,2
DA:2,2
DA:4,1
DA:5,21
DA:6,7
DA:7,1
DA:8,1
DA:10,6
DA:13,1
DA:14,7
DA:15,7
DA:19,1
DA:20,7
DA:21,7
DA:22,6
DA:23,6
DA:24,6
DA:25,6
DA:27,6
DA:29,1
DA:30,1
DA:34,2
LF:22
LH:22
BRDA:6,1,0,1
BRDA:6,1,1,6
BRDA:15,2,0,7
BRDA:15,2,1,6
BRDA:20,3,0,7
BRDA:20,3,1,1
BRDA:21,4,0,6
BRDA:21,4,1,1
BRF:8
BRH:8
end_of_record
TN:
SF:C:\Users\mass__000\OneDrive\Studies\Lynda\Learning Path\Become a Full-Stack Web Developer\10. NodeJS Essential training\sandbox\node.js\test_and_debug\lib\tools.js
FN:3,(anonymous_1)
FNF:1
FNH:1
FNDA:1,(anonymous_1)
DA:2,1
DA:4,1
LF:2
LH:2
BRF:0
BRH:0
end_of_record
TN:
SF:C:\Users\mass__000\OneDrive\Studies\Lynda\Learning Path\Become a Full-Stack Web Developer\10. NodeJS Essential training\sandbox\node.js\test_and_debug\lib\tools1.js
FN:5,(anonymous_1)
FN:9,(anonymous_2)
FN:13,(anonymous_3)
FN:19,(anonymous_4)
FN:23,(anonymous_5)
FNF:5
FNH:5
FNDA:1,(anonymous_1)
FNDA:1,(anonymous_2)
FNDA:1,(anonymous_3)
FNDA:104,(anonymous_4)
FNDA:1,(anonymous_5)
DA:1,1
DA:3,1
DA:6,1
DA:11,1
DA:13,1
DA:15,1
DA:17,1
DA:19,1
DA:20,104
DA:23,1
DA:24,1
LF:11
LH:11
BRF:0
BRH:0
end_of_record
TN:
SF:C:\Users\mass__000\OneDrive\Studies\Lynda\Learning Path\Become a Full-Stack Web Developer\10. NodeJS Essential training\sandbox\node.js\test_and_debug\lib\tools2.js
FN:5,(anonymous_1)
FN:9,(anonymous_2)
FN:13,(anonymous_3)
FN:19,(anonymous_4)
FN:23,(anonymous_5)
FNF:5
FNH:5
FNDA:1,(anonymous_1)
FNDA:1,(anonymous_2)
FNDA:1,(anonymous_3)
FNDA:1,(anonymous_4)
FNDA:1,(anonymous_5)
DA:1,1
DA:3,1
DA:6,1
DA:11,1
DA:13,1
DA:15,1
DA:17,1
DA:19,1
DA:20,1
DA:23,1
DA:24,1
LF:11
LH:11
BRF:0
BRH:0
end_of_record
